<?xml version="1.0" encoding="UTF-8"?>
<!-- Generated by org.testng.reporters.JUnitReportReporter -->
<testsuite hostname="DESKTOP-MNNV16U" failures="0" tests="10" name="com.ust.testcases.TestPath" time="24.709" errors="0" timestamp="2025-03-23T22:55:33 IST" skipped="0">
  <testcase classname="com.ust.testcases.TestPath" name="getSingleResourceRequestTest" time="14.540"/>
  <testcase classname="com.ust.testcases.TestPath" name="getListResourcesTest" time="0.799"/>
  <testcase classname="com.ust.testcases.TestPath" name="postResourcesRequest" time="1.390"/>
  <testcase classname="com.ust.testcases.TestPath" name="postResourcesRequest" time="1.466"/>
  <testcase classname="com.ust.testcases.TestPath" name="postResourcesRequest" time="0.925"/>
  <testcase classname="com.ust.testcases.TestPath" name="putRequestTest" time="0.933"/>
  <testcase classname="com.ust.testcases.TestPath" name="patchRequestTest" time="0.739"/>
  <testcase classname="com.ust.testcases.TestPath" name="deleteRequestTest" time="0.849"/>
  <testcase classname="com.ust.testcases.TestPath" name="filterRequestTest" time="1.170"/>
  <testcase classname="com.ust.testcases.TestPath" name="nestRequestTest" time="1.898"/>
</testsuite> <!-- com.ust.testcases.TestPath -->
